<?xml version="1.0" encoding="UTF-8"?>
<!-- Generated by org.testng.reporters.JUnitReportReporter -->
<testsuite hostname="laptop" failures="0" tests="1" name="com.freecrm.testcases.HomePageTest" time="15.991" errors="0" timestamp="17 Oct 2022 12:43:40 GMT" skipped="0">
  <testcase classname="com.freecrm.testcases.HomePageTest" name="verifyTitle" time="15.991"/>
</testsuite> <!-- com.freecrm.testcases.HomePageTest -->
