<?xml version="1.0" encoding="UTF-8"?>
<!-- Generated by org.testng.reporters.JUnitReportReporter -->
<testsuite hostname="laptop" failures="0" tests="4" name="com.freecrm.testcases.LogInPageTest" time="45.149" errors="0" timestamp="17 Oct 2022 12:40:58 GMT" skipped="0">
  <testcase classname="com.freecrm.testcases.LogInPageTest" name="validateLogo" time="6.996"/>
  <testcase classname="com.freecrm.testcases.LogInPageTest" name="validateTitle" time="8.812"/>
  <testcase classname="com.freecrm.testcases.LogInPageTest" name="validateLogin_WrongCredentials" time="13.998"/>
  <testcase classname="com.freecrm.testcases.LogInPageTest" name="validateLogin" time="15.343"/>
</testsuite> <!-- com.freecrm.testcases.LogInPageTest -->
